Analysis & Synthesis report for ALU_16Bit
Sun Jun 05 12:56:48 2022
Quartus Prime Version 19.1.0 Build 670 09/22/2019 SJ Lite Edition


---------------------
; Table of Contents ;
---------------------
  1. Legal Notice
  2. Analysis & Synthesis Summary
  3. Analysis & Synthesis Settings
  4. Parallel Compilation
  5. Analysis & Synthesis Source Files Read
  6. Analysis & Synthesis Resource Usage Summary
  7. Analysis & Synthesis Resource Utilization by Entity
  8. User-Specified and Inferred Latches
  9. General Register Statistics
 10. Multiplexer Restructuring Statistics (Restructuring Performed)
 11. Analysis & Synthesis Messages



----------------
; Legal Notice ;
----------------
Copyright (C) 2019  Intel Corporation. All rights reserved.
Your use of Intel Corporation's design tools, logic functions 
and other software and tools, and any partner logic 
functions, and any output files from any of the foregoing 
(including device programming or simulation files), and any 
associated documentation or information are expressly subject 
to the terms and conditions of the Intel Program License 
Subscription Agreement, the Intel Quartus Prime License Agreement,
the Intel FPGA IP License Agreement, or other applicable license
agreement, including, without limitation, that your use is for
the sole purpose of programming logic devices manufactured by
Intel and sold by Intel or its authorized distributors.  Please
refer to the applicable agreement for further details, at
https://fpgasoftware.intel.com/eula.



+---------------------------------------------------------------------------+
; Analysis & Synthesis Summary                                              ;
+-----------------------------+---------------------------------------------+
; Analysis & Synthesis Status ; Successful - Sun Jun 05 12:56:48 2022       ;
; Quartus Prime Version       ; 19.1.0 Build 670 09/22/2019 SJ Lite Edition ;
; Revision Name               ; ALU_16Bit                                   ;
; Top-level Entity Name       ; ALU_16Bit                                   ;
; Family                      ; MAX V                                       ;
; Total logic elements        ; 98                                          ;
; Total pins                  ; 52                                          ;
; Total virtual pins          ; 0                                           ;
; UFM blocks                  ; 0 / 1 ( 0 % )                               ;
+-----------------------------+---------------------------------------------+


+------------------------------------------------------------------------------------------------------------+
; Analysis & Synthesis Settings                                                                              ;
+------------------------------------------------------------------+--------------------+--------------------+
; Option                                                           ; Setting            ; Default Value      ;
+------------------------------------------------------------------+--------------------+--------------------+
; Top-level entity name                                            ; ALU_16Bit          ; ALU_16Bit          ;
; Family name                                                      ; MAX V              ; Cyclone V          ;
; Use smart compilation                                            ; Off                ; Off                ;
; Enable parallel Assembler and Timing Analyzer during compilation ; On                 ; On                 ;
; Enable compact report table                                      ; Off                ; Off                ;
; Restructure Multiplexers                                         ; Auto               ; Auto               ;
; Create Debugging Nodes for IP Cores                              ; Off                ; Off                ;
; Preserve fewer node names                                        ; On                 ; On                 ;
; Intel FPGA IP Evaluation Mode                                    ; Enable             ; Enable             ;
; Verilog Version                                                  ; Verilog_2001       ; Verilog_2001       ;
; VHDL Version                                                     ; VHDL_1993          ; VHDL_1993          ;
; State Machine Processing                                         ; Auto               ; Auto               ;
; Safe State Machine                                               ; Off                ; Off                ;
; Extract Verilog State Machines                                   ; On                 ; On                 ;
; Extract VHDL State Machines                                      ; On                 ; On                 ;
; Ignore Verilog initial constructs                                ; Off                ; Off                ;
; Iteration limit for constant Verilog loops                       ; 5000               ; 5000               ;
; Iteration limit for non-constant Verilog loops                   ; 250                ; 250                ;
; Add Pass-Through Logic to Inferred RAMs                          ; On                 ; On                 ;
; Infer RAMs from Raw Logic                                        ; On                 ; On                 ;
; Parallel Synthesis                                               ; On                 ; On                 ;
; NOT Gate Push-Back                                               ; On                 ; On                 ;
; Power-Up Don't Care                                              ; On                 ; On                 ;
; Remove Redundant Logic Cells                                     ; Off                ; Off                ;
; Remove Duplicate Registers                                       ; On                 ; On                 ;
; Ignore CARRY Buffers                                             ; Off                ; Off                ;
; Ignore CASCADE Buffers                                           ; Off                ; Off                ;
; Ignore GLOBAL Buffers                                            ; Off                ; Off                ;
; Ignore ROW GLOBAL Buffers                                        ; Off                ; Off                ;
; Ignore LCELL Buffers                                             ; Off                ; Off                ;
; Ignore SOFT Buffers                                              ; On                 ; On                 ;
; Limit AHDL Integers to 32 Bits                                   ; Off                ; Off                ;
; Optimization Technique                                           ; Balanced           ; Balanced           ;
; Carry Chain Length                                               ; 70                 ; 70                 ;
; Auto Carry Chains                                                ; On                 ; On                 ;
; Auto Open-Drain Pins                                             ; On                 ; On                 ;
; Perform WYSIWYG Primitive Resynthesis                            ; Off                ; Off                ;
; Auto Shift Register Replacement                                  ; Auto               ; Auto               ;
; Allow Shift Register Merging across Hierarchies                  ; Auto               ; Auto               ;
; Auto Clock Enable Replacement                                    ; On                 ; On                 ;
; Allow Synchronous Control Signals                                ; On                 ; On                 ;
; Force Use of Synchronous Clear Signals                           ; Off                ; Off                ;
; Auto Resource Sharing                                            ; Off                ; Off                ;
; Use LogicLock Constraints during Resource Balancing              ; On                 ; On                 ;
; Ignore translate_off and synthesis_off directives                ; Off                ; Off                ;
; Report Parameter Settings                                        ; On                 ; On                 ;
; Report Source Assignments                                        ; On                 ; On                 ;
; Report Connectivity Checks                                       ; On                 ; On                 ;
; Ignore Maximum Fan-Out Assignments                               ; Off                ; Off                ;
; Synchronization Register Chain Length                            ; 2                  ; 2                  ;
; Power Optimization During Synthesis                              ; Normal compilation ; Normal compilation ;
; HDL message level                                                ; Level2             ; Level2             ;
; Suppress Register Optimization Related Messages                  ; Off                ; Off                ;
; Number of Removed Registers Reported in Synthesis Report         ; 5000               ; 5000               ;
; Number of Swept Nodes Reported in Synthesis Report               ; 5000               ; 5000               ;
; Number of Inverted Registers Reported in Synthesis Report        ; 100                ; 100                ;
; Clock MUX Protection                                             ; On                 ; On                 ;
; Block Design Naming                                              ; Auto               ; Auto               ;
; Synthesis Effort                                                 ; Auto               ; Auto               ;
; Shift Register Replacement - Allow Asynchronous Clear Signal     ; On                 ; On                 ;
; Analysis & Synthesis Message Level                               ; Medium             ; Medium             ;
; Disable Register Merging Across Hierarchies                      ; Auto               ; Auto               ;
+------------------------------------------------------------------+--------------------+--------------------+


+------------------------------------------+
; Parallel Compilation                     ;
+----------------------------+-------------+
; Processors                 ; Number      ;
+----------------------------+-------------+
; Number detected on machine ; 12          ;
; Maximum allowed            ; 12          ;
;                            ;             ;
; Average used               ; 1.00        ;
; Maximum used               ; 1           ;
;                            ;             ;
; Usage by Processor         ; % Time Used ;
;     Processor 1            ; 100.0%      ;
+----------------------------+-------------+


+-------------------------------------------------------------------------------------------------------------------------------------------------------------------------------------------+
; Analysis & Synthesis Source Files Read                                                                                                                                                    ;
+----------------------------------+-----------------+-----------------------+----------------------------------------------------------------------------------------------------+---------+
; File Name with User-Entered Path ; Used in Netlist ; File Type             ; File Name with Absolute Path                                                                       ; Library ;
+----------------------------------+-----------------+-----------------------+----------------------------------------------------------------------------------------------------+---------+
; ALU_16Bit.vhd                    ; yes             ; User VHDL File        ; C:/Users/ditou/Desktop/Digital System Design/Project 16-Bit ALU/Exercise 2/ALU_16Bit/ALU_16Bit.vhd ;         ;
; alu_1bit.vhd                     ; yes             ; Auto-Found VHDL File  ; C:/Users/ditou/Desktop/Digital System Design/Project 16-Bit ALU/Exercise 2/ALU_16Bit/alu_1bit.vhd  ;         ;
; bitinvert.vhd                    ; yes             ; Auto-Found VHDL File  ; C:/Users/ditou/Desktop/Digital System Design/Project 16-Bit ALU/Exercise 2/ALU_16Bit/bitinvert.vhd ;         ;
; fulladd.vhd                      ; yes             ; Auto-Found VHDL File  ; C:/Users/ditou/Desktop/Digital System Design/Project 16-Bit ALU/Exercise 2/ALU_16Bit/fulladd.vhd   ;         ;
+----------------------------------+-----------------+-----------------------+----------------------------------------------------------------------------------------------------+---------+


+-----------------------------------------------------+
; Analysis & Synthesis Resource Usage Summary         ;
+---------------------------------------------+-------+
; Resource                                    ; Usage ;
+---------------------------------------------+-------+
; Total logic elements                        ; 98    ;
;     -- Combinational with no register       ; 98    ;
;     -- Register only                        ; 0     ;
;     -- Combinational with a register        ; 0     ;
;                                             ;       ;
; Logic element usage by number of LUT inputs ;       ;
;     -- 4 input functions                    ; 72    ;
;     -- 3 input functions                    ; 8     ;
;     -- 2 input functions                    ; 18    ;
;     -- 1 input functions                    ; 0     ;
;     -- 0 input functions                    ; 0     ;
;                                             ;       ;
; Logic elements by mode                      ;       ;
;     -- normal mode                          ; 98    ;
;     -- arithmetic mode                      ; 0     ;
;     -- qfbk mode                            ; 0     ;
;     -- register cascade mode                ; 0     ;
;     -- synchronous clear/load mode          ; 0     ;
;     -- asynchronous clear/load mode         ; 0     ;
;                                             ;       ;
; Total registers                             ; 0     ;
; I/O pins                                    ; 52    ;
; Maximum fan-out node                        ; Op[1] ;
; Maximum fan-out                             ; 41    ;
; Total fan-out                               ; 365   ;
; Average fan-out                             ; 2.43  ;
+---------------------------------------------+-------+


+-----------------------------------------------------------------------------------------------------------------------------------------------------------------------------------------------------------------------------------------------------+
; Analysis & Synthesis Resource Utilization by Entity                                                                                                                                                                                                 ;
+----------------------------+-------------+--------------+------------+------+--------------+--------------+-------------------+------------------+-----------------+------------+--------------------------------------+-------------+--------------+
; Compilation Hierarchy Node ; Logic Cells ; LC Registers ; UFM Blocks ; Pins ; Virtual Pins ; LUT-Only LCs ; Register-Only LCs ; LUT/Register LCs ; Carry Chain LCs ; Packed LCs ; Full Hierarchy Name                  ; Entity Name ; Library Name ;
+----------------------------+-------------+--------------+------------+------+--------------+--------------+-------------------+------------------+-----------------+------------+--------------------------------------+-------------+--------------+
; |ALU_16Bit                 ; 98 (11)     ; 0            ; 0          ; 52   ; 0            ; 98 (11)      ; 0 (0)             ; 0 (0)            ; 0 (0)           ; 0 (0)      ; |ALU_16Bit                           ; ALU_16Bit   ; work         ;
;    |ALU_1Bit:I0|           ; 5 (3)       ; 0            ; 0          ; 0    ; 0            ; 5 (3)        ; 0 (0)             ; 0 (0)            ; 0 (0)           ; 0 (0)      ; |ALU_16Bit|ALU_1Bit:I0               ; ALU_1Bit    ; work         ;
;       |BitInvert:I1|       ; 1 (1)       ; 0            ; 0          ; 0    ; 0            ; 1 (1)        ; 0 (0)             ; 0 (0)            ; 0 (0)           ; 0 (0)      ; |ALU_16Bit|ALU_1Bit:I0|BitInvert:I1  ; BitInvert   ; work         ;
;       |fullAdd:I4|         ; 1 (1)       ; 0            ; 0          ; 0    ; 0            ; 1 (1)        ; 0 (0)             ; 0 (0)            ; 0 (0)           ; 0 (0)      ; |ALU_16Bit|ALU_1Bit:I0|fullAdd:I4    ; fullAdd     ; work         ;
;    |ALU_1Bit:I10|          ; 5 (3)       ; 0            ; 0          ; 0    ; 0            ; 5 (3)        ; 0 (0)             ; 0 (0)            ; 0 (0)           ; 0 (0)      ; |ALU_16Bit|ALU_1Bit:I10              ; ALU_1Bit    ; work         ;
;       |BitInvert:I1|       ; 1 (1)       ; 0            ; 0          ; 0    ; 0            ; 1 (1)        ; 0 (0)             ; 0 (0)            ; 0 (0)           ; 0 (0)      ; |ALU_16Bit|ALU_1Bit:I10|BitInvert:I1 ; BitInvert   ; work         ;
;       |fullAdd:I4|         ; 1 (1)       ; 0            ; 0          ; 0    ; 0            ; 1 (1)        ; 0 (0)             ; 0 (0)            ; 0 (0)           ; 0 (0)      ; |ALU_16Bit|ALU_1Bit:I10|fullAdd:I4   ; fullAdd     ; work         ;
;    |ALU_1Bit:I11|          ; 6 (4)       ; 0            ; 0          ; 0    ; 0            ; 6 (4)        ; 0 (0)             ; 0 (0)            ; 0 (0)           ; 0 (0)      ; |ALU_16Bit|ALU_1Bit:I11              ; ALU_1Bit    ; work         ;
;       |BitInvert:I1|       ; 1 (1)       ; 0            ; 0          ; 0    ; 0            ; 1 (1)        ; 0 (0)             ; 0 (0)            ; 0 (0)           ; 0 (0)      ; |ALU_16Bit|ALU_1Bit:I11|BitInvert:I1 ; BitInvert   ; work         ;
;       |fullAdd:I4|         ; 1 (1)       ; 0            ; 0          ; 0    ; 0            ; 1 (1)        ; 0 (0)             ; 0 (0)            ; 0 (0)           ; 0 (0)      ; |ALU_16Bit|ALU_1Bit:I11|fullAdd:I4   ; fullAdd     ; work         ;
;    |ALU_1Bit:I12|          ; 5 (3)       ; 0            ; 0          ; 0    ; 0            ; 5 (3)        ; 0 (0)             ; 0 (0)            ; 0 (0)           ; 0 (0)      ; |ALU_16Bit|ALU_1Bit:I12              ; ALU_1Bit    ; work         ;
;       |BitInvert:I1|       ; 1 (1)       ; 0            ; 0          ; 0    ; 0            ; 1 (1)        ; 0 (0)             ; 0 (0)            ; 0 (0)           ; 0 (0)      ; |ALU_16Bit|ALU_1Bit:I12|BitInvert:I1 ; BitInvert   ; work         ;
;       |fullAdd:I4|         ; 1 (1)       ; 0            ; 0          ; 0    ; 0            ; 1 (1)        ; 0 (0)             ; 0 (0)            ; 0 (0)           ; 0 (0)      ; |ALU_16Bit|ALU_1Bit:I12|fullAdd:I4   ; fullAdd     ; work         ;
;    |ALU_1Bit:I13|          ; 6 (4)       ; 0            ; 0          ; 0    ; 0            ; 6 (4)        ; 0 (0)             ; 0 (0)            ; 0 (0)           ; 0 (0)      ; |ALU_16Bit|ALU_1Bit:I13              ; ALU_1Bit    ; work         ;
;       |BitInvert:I1|       ; 1 (1)       ; 0            ; 0          ; 0    ; 0            ; 1 (1)        ; 0 (0)             ; 0 (0)            ; 0 (0)           ; 0 (0)      ; |ALU_16Bit|ALU_1Bit:I13|BitInvert:I1 ; BitInvert   ; work         ;
;       |fullAdd:I4|         ; 1 (1)       ; 0            ; 0          ; 0    ; 0            ; 1 (1)        ; 0 (0)             ; 0 (0)            ; 0 (0)           ; 0 (0)      ; |ALU_16Bit|ALU_1Bit:I13|fullAdd:I4   ; fullAdd     ; work         ;
;    |ALU_1Bit:I14|          ; 5 (3)       ; 0            ; 0          ; 0    ; 0            ; 5 (3)        ; 0 (0)             ; 0 (0)            ; 0 (0)           ; 0 (0)      ; |ALU_16Bit|ALU_1Bit:I14              ; ALU_1Bit    ; work         ;
;       |BitInvert:I1|       ; 1 (1)       ; 0            ; 0          ; 0    ; 0            ; 1 (1)        ; 0 (0)             ; 0 (0)            ; 0 (0)           ; 0 (0)      ; |ALU_16Bit|ALU_1Bit:I14|BitInvert:I1 ; BitInvert   ; work         ;
;       |fullAdd:I4|         ; 1 (1)       ; 0            ; 0          ; 0    ; 0            ; 1 (1)        ; 0 (0)             ; 0 (0)            ; 0 (0)           ; 0 (0)      ; |ALU_16Bit|ALU_1Bit:I14|fullAdd:I4   ; fullAdd     ; work         ;
;    |ALU_1Bit:I15|          ; 5 (4)       ; 0            ; 0          ; 0    ; 0            ; 5 (4)        ; 0 (0)             ; 0 (0)            ; 0 (0)           ; 0 (0)      ; |ALU_16Bit|ALU_1Bit:I15              ; ALU_1Bit    ; work         ;
;       |BitInvert:I1|       ; 1 (1)       ; 0            ; 0          ; 0    ; 0            ; 1 (1)        ; 0 (0)             ; 0 (0)            ; 0 (0)           ; 0 (0)      ; |ALU_16Bit|ALU_1Bit:I15|BitInvert:I1 ; BitInvert   ; work         ;
;    |ALU_1Bit:I1|           ; 6 (4)       ; 0            ; 0          ; 0    ; 0            ; 6 (4)        ; 0 (0)             ; 0 (0)            ; 0 (0)           ; 0 (0)      ; |ALU_16Bit|ALU_1Bit:I1               ; ALU_1Bit    ; work         ;
;       |BitInvert:I1|       ; 1 (1)       ; 0            ; 0          ; 0    ; 0            ; 1 (1)        ; 0 (0)             ; 0 (0)            ; 0 (0)           ; 0 (0)      ; |ALU_16Bit|ALU_1Bit:I1|BitInvert:I1  ; BitInvert   ; work         ;
;       |fullAdd:I4|         ; 1 (1)       ; 0            ; 0          ; 0    ; 0            ; 1 (1)        ; 0 (0)             ; 0 (0)            ; 0 (0)           ; 0 (0)      ; |ALU_16Bit|ALU_1Bit:I1|fullAdd:I4    ; fullAdd     ; work         ;
;    |ALU_1Bit:I2|           ; 5 (3)       ; 0            ; 0          ; 0    ; 0            ; 5 (3)        ; 0 (0)             ; 0 (0)            ; 0 (0)           ; 0 (0)      ; |ALU_16Bit|ALU_1Bit:I2               ; ALU_1Bit    ; work         ;
;       |BitInvert:I1|       ; 1 (1)       ; 0            ; 0          ; 0    ; 0            ; 1 (1)        ; 0 (0)             ; 0 (0)            ; 0 (0)           ; 0 (0)      ; |ALU_16Bit|ALU_1Bit:I2|BitInvert:I1  ; BitInvert   ; work         ;
;       |fullAdd:I4|         ; 1 (1)       ; 0            ; 0          ; 0    ; 0            ; 1 (1)        ; 0 (0)             ; 0 (0)            ; 0 (0)           ; 0 (0)      ; |ALU_16Bit|ALU_1Bit:I2|fullAdd:I4    ; fullAdd     ; work         ;
;    |ALU_1Bit:I3|           ; 6 (4)       ; 0            ; 0          ; 0    ; 0            ; 6 (4)        ; 0 (0)             ; 0 (0)            ; 0 (0)           ; 0 (0)      ; |ALU_16Bit|ALU_1Bit:I3               ; ALU_1Bit    ; work         ;
;       |BitInvert:I1|       ; 1 (1)       ; 0            ; 0          ; 0    ; 0            ; 1 (1)        ; 0 (0)             ; 0 (0)            ; 0 (0)           ; 0 (0)      ; |ALU_16Bit|ALU_1Bit:I3|BitInvert:I1  ; BitInvert   ; work         ;
;       |fullAdd:I4|         ; 1 (1)       ; 0            ; 0          ; 0    ; 0            ; 1 (1)        ; 0 (0)             ; 0 (0)            ; 0 (0)           ; 0 (0)      ; |ALU_16Bit|ALU_1Bit:I3|fullAdd:I4    ; fullAdd     ; work         ;
;    |ALU_1Bit:I4|           ; 5 (3)       ; 0            ; 0          ; 0    ; 0            ; 5 (3)        ; 0 (0)             ; 0 (0)            ; 0 (0)           ; 0 (0)      ; |ALU_16Bit|ALU_1Bit:I4               ; ALU_1Bit    ; work         ;
;       |BitInvert:I1|       ; 1 (1)       ; 0            ; 0          ; 0    ; 0            ; 1 (1)        ; 0 (0)             ; 0 (0)            ; 0 (0)           ; 0 (0)      ; |ALU_16Bit|ALU_1Bit:I4|BitInvert:I1  ; BitInvert   ; work         ;
;       |fullAdd:I4|         ; 1 (1)       ; 0            ; 0          ; 0    ; 0            ; 1 (1)        ; 0 (0)             ; 0 (0)            ; 0 (0)           ; 0 (0)      ; |ALU_16Bit|ALU_1Bit:I4|fullAdd:I4    ; fullAdd     ; work         ;
;    |ALU_1Bit:I5|           ; 6 (4)       ; 0            ; 0          ; 0    ; 0            ; 6 (4)        ; 0 (0)             ; 0 (0)            ; 0 (0)           ; 0 (0)      ; |ALU_16Bit|ALU_1Bit:I5               ; ALU_1Bit    ; work         ;
;       |BitInvert:I1|       ; 1 (1)       ; 0            ; 0          ; 0    ; 0            ; 1 (1)        ; 0 (0)             ; 0 (0)            ; 0 (0)           ; 0 (0)      ; |ALU_16Bit|ALU_1Bit:I5|BitInvert:I1  ; BitInvert   ; work         ;
;       |fullAdd:I4|         ; 1 (1)       ; 0            ; 0          ; 0    ; 0            ; 1 (1)        ; 0 (0)             ; 0 (0)            ; 0 (0)           ; 0 (0)      ; |ALU_16Bit|ALU_1Bit:I5|fullAdd:I4    ; fullAdd     ; work         ;
;    |ALU_1Bit:I6|           ; 5 (3)       ; 0            ; 0          ; 0    ; 0            ; 5 (3)        ; 0 (0)             ; 0 (0)            ; 0 (0)           ; 0 (0)      ; |ALU_16Bit|ALU_1Bit:I6               ; ALU_1Bit    ; work         ;
;       |BitInvert:I1|       ; 1 (1)       ; 0            ; 0          ; 0    ; 0            ; 1 (1)        ; 0 (0)             ; 0 (0)            ; 0 (0)           ; 0 (0)      ; |ALU_16Bit|ALU_1Bit:I6|BitInvert:I1  ; BitInvert   ; work         ;
;       |fullAdd:I4|         ; 1 (1)       ; 0            ; 0          ; 0    ; 0            ; 1 (1)        ; 0 (0)             ; 0 (0)            ; 0 (0)           ; 0 (0)      ; |ALU_16Bit|ALU_1Bit:I6|fullAdd:I4    ; fullAdd     ; work         ;
;    |ALU_1Bit:I7|           ; 6 (4)       ; 0            ; 0          ; 0    ; 0            ; 6 (4)        ; 0 (0)             ; 0 (0)            ; 0 (0)           ; 0 (0)      ; |ALU_16Bit|ALU_1Bit:I7               ; ALU_1Bit    ; work         ;
;       |BitInvert:I1|       ; 1 (1)       ; 0            ; 0          ; 0    ; 0            ; 1 (1)        ; 0 (0)             ; 0 (0)            ; 0 (0)           ; 0 (0)      ; |ALU_16Bit|ALU_1Bit:I7|BitInvert:I1  ; BitInvert   ; work         ;
;       |fullAdd:I4|         ; 1 (1)       ; 0            ; 0          ; 0    ; 0            ; 1 (1)        ; 0 (0)             ; 0 (0)            ; 0 (0)           ; 0 (0)      ; |ALU_16Bit|ALU_1Bit:I7|fullAdd:I4    ; fullAdd     ; work         ;
;    |ALU_1Bit:I8|           ; 5 (3)       ; 0            ; 0          ; 0    ; 0            ; 5 (3)        ; 0 (0)             ; 0 (0)            ; 0 (0)           ; 0 (0)      ; |ALU_16Bit|ALU_1Bit:I8               ; ALU_1Bit    ; work         ;
;       |BitInvert:I1|       ; 1 (1)       ; 0            ; 0          ; 0    ; 0            ; 1 (1)        ; 0 (0)             ; 0 (0)            ; 0 (0)           ; 0 (0)      ; |ALU_16Bit|ALU_1Bit:I8|BitInvert:I1  ; BitInvert   ; work         ;
;       |fullAdd:I4|         ; 1 (1)       ; 0            ; 0          ; 0    ; 0            ; 1 (1)        ; 0 (0)             ; 0 (0)            ; 0 (0)           ; 0 (0)      ; |ALU_16Bit|ALU_1Bit:I8|fullAdd:I4    ; fullAdd     ; work         ;
;    |ALU_1Bit:I9|           ; 6 (4)       ; 0            ; 0          ; 0    ; 0            ; 6 (4)        ; 0 (0)             ; 0 (0)            ; 0 (0)           ; 0 (0)      ; |ALU_16Bit|ALU_1Bit:I9               ; ALU_1Bit    ; work         ;
;       |BitInvert:I1|       ; 1 (1)       ; 0            ; 0          ; 0    ; 0            ; 1 (1)        ; 0 (0)             ; 0 (0)            ; 0 (0)           ; 0 (0)      ; |ALU_16Bit|ALU_1Bit:I9|BitInvert:I1  ; BitInvert   ; work         ;
;       |fullAdd:I4|         ; 1 (1)       ; 0            ; 0          ; 0    ; 0            ; 1 (1)        ; 0 (0)             ; 0 (0)            ; 0 (0)           ; 0 (0)      ; |ALU_16Bit|ALU_1Bit:I9|fullAdd:I4    ; fullAdd     ; work         ;
+----------------------------+-------------+--------------+------------+------+--------------+--------------+-------------------+------------------+-----------------+------------+--------------------------------------+-------------+--------------+
Note: For table entries with two numbers listed, the numbers in parentheses indicate the number of resources of the given type used by the specific entity alone. The numbers listed outside of parentheses indicate the total resources of the given type used by the specific entity and all of its sub-entities in the hierarchy.


+---------------------------------------------------------------------------------------------------+
; User-Specified and Inferred Latches                                                               ;
+----------------------------------------------------+---------------------+------------------------+
; Latch Name                                         ; Latch Enable Signal ; Free of Timing Hazards ;
+----------------------------------------------------+---------------------+------------------------+
; Cin                                                ; Mux1                ; yes                    ;
; AInv                                               ; Mux1                ; yes                    ;
; BInv                                               ; Mux1                ; yes                    ;
; Op[1]                                              ; Mux1                ; yes                    ;
; Op[0]                                              ; Mux1                ; yes                    ;
; Number of user-specified and inferred latches = 5  ;                     ;                        ;
+----------------------------------------------------+---------------------+------------------------+
Note: All latches listed above may not be present at the end of synthesis due to various synthesis optimizations.


+------------------------------------------------------+
; General Register Statistics                          ;
+----------------------------------------------+-------+
; Statistic                                    ; Value ;
+----------------------------------------------+-------+
; Total registers                              ; 0     ;
; Number of registers using Synchronous Clear  ; 0     ;
; Number of registers using Synchronous Load   ; 0     ;
; Number of registers using Asynchronous Clear ; 0     ;
; Number of registers using Asynchronous Load  ; 0     ;
; Number of registers using Clock Enable       ; 0     ;
; Number of registers using Preset             ; 0     ;
+----------------------------------------------+-------+


+--------------------------------------------------------------------------------------------------------------------------------------------+
; Multiplexer Restructuring Statistics (Restructuring Performed)                                                                             ;
+--------------------+-----------+---------------+----------------------+------------------------+------------+------------------------------+
; Multiplexer Inputs ; Bus Width ; Baseline Area ; Area if Restructured ; Saving if Restructured ; Registered ; Example Multiplexer Output   ;
+--------------------+-----------+---------------+----------------------+------------------------+------------+------------------------------+
; 4:1                ; 16 bits   ; 32 LEs        ; 32 LEs               ; 0 LEs                  ; No         ; |ALU_16Bit|ALU_1Bit:I10|Mux0 ;
+--------------------+-----------+---------------+----------------------+------------------------+------------+------------------------------+


+-------------------------------+
; Analysis & Synthesis Messages ;
+-------------------------------+
Info: *******************************************************************
Info: Running Quartus Prime Analysis & Synthesis
    Info: Version 19.1.0 Build 670 09/22/2019 SJ Lite Edition
    Info: Processing started: Sun Jun 05 12:56:35 2022
Info: Command: quartus_map --read_settings_files=on --write_settings_files=off ALU_16Bit -c ALU_16Bit
Warning (18236): Number of processors has not been specified which may cause overloading on shared machines.  Set the global assignment NUM_PARALLEL_PROCESSORS in your QSF to an appropriate value for best performance.
Info (20030): Parallel compilation is enabled and will use 12 of the 12 processors detected
Info (12021): Found 2 design units, including 1 entities, in source file alu_16bit.vhd
    Info (12022): Found design unit 1: ALU_16Bit-Structural File: C:/Users/ditou/Desktop/Digital System Design/Project 16-Bit ALU/Exercise 2/ALU_16Bit/ALU_16Bit.vhd Line: 10
    Info (12023): Found entity 1: ALU_16Bit File: C:/Users/ditou/Desktop/Digital System Design/Project 16-Bit ALU/Exercise 2/ALU_16Bit/ALU_16Bit.vhd Line: 4
Info (12127): Elaborating entity "ALU_16Bit" for the top level hierarchy
Warning (10631): VHDL Process Statement warning at ALU_16Bit.vhd(20): inferring latch(es) for signal or variable "Op", which holds its previous value in one or more paths through the process File: C:/Users/ditou/Desktop/Digital System Design/Project 16-Bit ALU/Exercise 2/ALU_16Bit/ALU_16Bit.vhd Line: 20
Warning (10631): VHDL Process Statement warning at ALU_16Bit.vhd(20): inferring latch(es) for signal or variable "AInv", which holds its previous value in one or more paths through the process File: C:/Users/ditou/Desktop/Digital System Design/Project 16-Bit ALU/Exercise 2/ALU_16Bit/ALU_16Bit.vhd Line: 20
Warning (10631): VHDL Process Statement warning at ALU_16Bit.vhd(20): inferring latch(es) for signal or variable "BInv", which holds its previous value in one or more paths through the process File: C:/Users/ditou/Desktop/Digital System Design/Project 16-Bit ALU/Exercise 2/ALU_16Bit/ALU_16Bit.vhd Line: 20
Warning (10631): VHDL Process Statement warning at ALU_16Bit.vhd(20): inferring latch(es) for signal or variable "Cin", which holds its previous value in one or more paths through the process File: C:/Users/ditou/Desktop/Digital System Design/Project 16-Bit ALU/Exercise 2/ALU_16Bit/ALU_16Bit.vhd Line: 20
Warning (10812): VHDL warning at ALU_16Bit.vhd(50): sensitivity list already contains Cout File: C:/Users/ditou/Desktop/Digital System Design/Project 16-Bit ALU/Exercise 2/ALU_16Bit/ALU_16Bit.vhd Line: 50
Info (10041): Inferred latch for "Cin" at ALU_16Bit.vhd(20) File: C:/Users/ditou/Desktop/Digital System Design/Project 16-Bit ALU/Exercise 2/ALU_16Bit/ALU_16Bit.vhd Line: 20
Info (10041): Inferred latch for "BInv" at ALU_16Bit.vhd(20) File: C:/Users/ditou/Desktop/Digital System Design/Project 16-Bit ALU/Exercise 2/ALU_16Bit/ALU_16Bit.vhd Line: 20
Info (10041): Inferred latch for "AInv" at ALU_16Bit.vhd(20) File: C:/Users/ditou/Desktop/Digital System Design/Project 16-Bit ALU/Exercise 2/ALU_16Bit/ALU_16Bit.vhd Line: 20
Info (10041): Inferred latch for "Op[0]" at ALU_16Bit.vhd(20) File: C:/Users/ditou/Desktop/Digital System Design/Project 16-Bit ALU/Exercise 2/ALU_16Bit/ALU_16Bit.vhd Line: 20
Info (10041): Inferred latch for "Op[1]" at ALU_16Bit.vhd(20) File: C:/Users/ditou/Desktop/Digital System Design/Project 16-Bit ALU/Exercise 2/ALU_16Bit/ALU_16Bit.vhd Line: 20
Warning (12125): Using design file alu_1bit.vhd, which is not specified as a design file for the current project, but contains definitions for 2 design units and 1 entities in project
    Info (12022): Found design unit 1: ALU_1Bit-Structural File: C:/Users/ditou/Desktop/Digital System Design/Project 16-Bit ALU/Exercise 2/ALU_16Bit/alu_1bit.vhd Line: 9
    Info (12023): Found entity 1: ALU_1Bit File: C:/Users/ditou/Desktop/Digital System Design/Project 16-Bit ALU/Exercise 2/ALU_16Bit/alu_1bit.vhd Line: 4
Info (12128): Elaborating entity "ALU_1Bit" for hierarchy "ALU_1Bit:I0" File: C:/Users/ditou/Desktop/Digital System Design/Project 16-Bit ALU/Exercise 2/ALU_16Bit/ALU_16Bit.vhd Line: 34
Warning (12125): Using design file bitinvert.vhd, which is not specified as a design file for the current project, but contains definitions for 2 design units and 1 entities in project
    Info (12022): Found design unit 1: BitInvert-LogicFunc File: C:/Users/ditou/Desktop/Digital System Design/Project 16-Bit ALU/Exercise 2/ALU_16Bit/bitinvert.vhd Line: 9
    Info (12023): Found entity 1: BitInvert File: C:/Users/ditou/Desktop/Digital System Design/Project 16-Bit ALU/Exercise 2/ALU_16Bit/bitinvert.vhd Line: 4
Info (12128): Elaborating entity "BitInvert" for hierarchy "ALU_1Bit:I0|BitInvert:I0" File: C:/Users/ditou/Desktop/Digital System Design/Project 16-Bit ALU/Exercise 2/ALU_16Bit/alu_1bit.vhd Line: 20
Warning (12125): Using design file fulladd.vhd, which is not specified as a design file for the current project, but contains definitions for 2 design units and 1 entities in project
    Info (12022): Found design unit 1: fullAdd-Behavioral File: C:/Users/ditou/Desktop/Digital System Design/Project 16-Bit ALU/Exercise 2/ALU_16Bit/fulladd.vhd Line: 8
    Info (12023): Found entity 1: fullAdd File: C:/Users/ditou/Desktop/Digital System Design/Project 16-Bit ALU/Exercise 2/ALU_16Bit/fulladd.vhd Line: 4
Info (12128): Elaborating entity "fullAdd" for hierarchy "ALU_1Bit:I0|fullAdd:I4" File: C:/Users/ditou/Desktop/Digital System Design/Project 16-Bit ALU/Exercise 2/ALU_16Bit/alu_1bit.vhd Line: 24
Warning (13012): Latch Cin has unsafe behavior File: C:/Users/ditou/Desktop/Digital System Design/Project 16-Bit ALU/Exercise 2/ALU_16Bit/ALU_16Bit.vhd Line: 16
    Warning (13013): Ports D and ENA on the latch are fed by the same signal Opcode[0] File: C:/Users/ditou/Desktop/Digital System Design/Project 16-Bit ALU/Exercise 2/ALU_16Bit/ALU_16Bit.vhd Line: 6
Warning (13012): Latch AInv has unsafe behavior File: C:/Users/ditou/Desktop/Digital System Design/Project 16-Bit ALU/Exercise 2/ALU_16Bit/ALU_16Bit.vhd Line: 16
    Warning (13013): Ports D and ENA on the latch are fed by the same signal Opcode[1] File: C:/Users/ditou/Desktop/Digital System Design/Project 16-Bit ALU/Exercise 2/ALU_16Bit/ALU_16Bit.vhd Line: 6
Warning (13012): Latch BInv has unsafe behavior File: C:/Users/ditou/Desktop/Digital System Design/Project 16-Bit ALU/Exercise 2/ALU_16Bit/ALU_16Bit.vhd Line: 16
    Warning (13013): Ports D and ENA on the latch are fed by the same signal Opcode[1] File: C:/Users/ditou/Desktop/Digital System Design/Project 16-Bit ALU/Exercise 2/ALU_16Bit/ALU_16Bit.vhd Line: 6
Warning (13012): Latch Op[1] has unsafe behavior File: C:/Users/ditou/Desktop/Digital System Design/Project 16-Bit ALU/Exercise 2/ALU_16Bit/ALU_16Bit.vhd Line: 20
    Warning (13013): Ports D and ENA on the latch are fed by the same signal Opcode[1] File: C:/Users/ditou/Desktop/Digital System Design/Project 16-Bit ALU/Exercise 2/ALU_16Bit/ALU_16Bit.vhd Line: 6
Warning (13012): Latch Op[0] has unsafe behavior File: C:/Users/ditou/Desktop/Digital System Design/Project 16-Bit ALU/Exercise 2/ALU_16Bit/ALU_16Bit.vhd Line: 20
    Warning (13013): Ports D and ENA on the latch are fed by the same signal Opcode[2] File: C:/Users/ditou/Desktop/Digital System Design/Project 16-Bit ALU/Exercise 2/ALU_16Bit/ALU_16Bit.vhd Line: 6
Info (21057): Implemented 150 device resources after synthesis - the final resource count might be different
    Info (21058): Implemented 35 input pins
    Info (21059): Implemented 17 output pins
    Info (21061): Implemented 98 logic cells
Info: Quartus Prime Analysis & Synthesis was successful. 0 errors, 19 warnings
    Info: Peak virtual memory: 4762 megabytes
    Info: Processing ended: Sun Jun 05 12:56:48 2022
    Info: Elapsed time: 00:00:13
    Info: Total CPU time (on all processors): 00:00:29


